::1 GET /
::1 GET /static/css/main.37d33a25.css
::1 GET /static/js/main.5d6d0b03.js
::1 GET /static/css/main.37d33a25.css.map
::1 GET /image/logo1.png
::1 GET /image/logo2.pic
::1 GET /image/logo3.pic
::1 GET /image/logo4.png
::1 GET /image/logo5.png
::1 GET /static/js/main.5d6d0b03.js.map
::1 GET /image/title_SB_cn.png
::1 GET /image/title_SB_en.png
::1 GET /image/preview1.png
::1 GET /image/title_CPD_cn.png
::1 GET /image/title_CPD_en.png
::1 GET /image/title_SMS_cn.png
::1 GET /image/title_SM_cn.png
::1 GET /image/title_SMS_en.png
::1 GET /image/title_SM_en.png
::1 GET /image/4-021.png
::1 GET /image/preview3.png
::1 GET /image/preview4.png
::1 GET /image/preview2.png
::1 GET /about
::1 GET /static/css/main.37d33a25.css
::1 GET /static/js/main.5d6d0b03.js
::1 GET /image/logo1.png
::1 GET /image/logo2.pic
::1 GET /image/logo3.pic
::1 GET /image/logo4.png
::1 GET /image/logo5.png
::1 GET /image/preview1.png
::1 GET /image/title_SB_cn.png
::1 GET /image/title_SB_en.png
::1 GET /image/title_CPD_cn.png
::1 GET /image/title_CPD_en.png
::1 GET /image/preview2.png
::1 GET /image/title_SMS_cn.png
::1 GET /image/title_SMS_en.png
::1 GET /image/preview3.png
::1 GET /image/preview4.png
::1 GET /image/title_SM_cn.png
::1 GET /image/title_SM_en.png
::1 GET /image/4-021.png
::1 GET /static/css/main.37d33a25.css.map
::1 GET /static/js/main.5d6d0b03.js.map
::1 GET /about
::1 GET /static/css/main.37d33a25.css
::1 GET /static/js/main.5d6d0b03.js
::1 GET /image/logo1.png
::1 GET /image/logo2.pic
::1 GET /image/logo3.pic
::1 GET /image/logo4.png
::1 GET /image/logo5.png
::1 GET /image/preview1.png
::1 GET /image/title_SB_cn.png
::1 GET /image/title_SB_en.png
::1 GET /image/preview2.png
::1 GET /image/title_CPD_cn.png
::1 GET /image/title_CPD_en.png
::1 GET /image/preview3.png
::1 GET /image/title_SMS_cn.png
::1 GET /image/title_SMS_en.png
::1 GET /image/preview4.png
::1 GET /image/title_SM_cn.png
::1 GET /image/title_SM_en.png
::1 GET /image/4-021.png
::1 GET /static/css/main.37d33a25.css.map
::1 GET /static/js/main.5d6d0b03.js.map
